
Not imported into the TrustStore : D:\Entwicklung\TibcoEms\ems\6.3\samples\certs\1024b-rsa-example-keypair.pem

Not imported into the TrustStore : D:\Entwicklung\TibcoEms\ems\6.3\samples\certs\2048b-dsa-example-keypair.pem

Not imported into the TrustStore : D:\Entwicklung\TibcoEms\ems\6.3\samples\certs\CA.key

Not imported into the TrustStore : D:\Entwicklung\TibcoEms\ems\6.3\samples\certs\certs.txt

Not imported into the TrustStore : D:\Entwicklung\TibcoEms\ems\6.3\samples\certs\client.key.p8

Not imported into the TrustStore : D:\Entwicklung\TibcoEms\ems\6.3\samples\certs\client.key.pem

Not imported into the TrustStore : D:\Entwicklung\TibcoEms\ems\6.3\samples\certs\client_identity.p12

Not imported into the TrustStore : D:\Entwicklung\TibcoEms\ems\6.3\samples\certs\client_root.key.p8

Not imported into the TrustStore : D:\Entwicklung\TibcoEms\ems\6.3\samples\certs\client_root.key.pem

Not imported into the TrustStore : D:\Entwicklung\TibcoEms\ems\6.3\samples\certs\ia.csr

Not imported into the TrustStore : D:\Entwicklung\TibcoEms\ems\6.3\samples\certs\ia.key

Not imported into the TrustStore : D:\Entwicklung\TibcoEms\ems\6.3\samples\certs\ia.p12

Not imported into the TrustStore : D:\Entwicklung\TibcoEms\ems\6.3\samples\certs\readme.txt

Not imported into the TrustStore : D:\Entwicklung\TibcoEms\ems\6.3\samples\certs\SampleAuthority.cert.key

Not imported into the TrustStore : D:\Entwicklung\TibcoEms\ems\6.3\samples\certs\SampleAuthority_for_EMSServer.key.cer

Not imported into the TrustStore : D:\Entwicklung\TibcoEms\ems\6.3\samples\certs\server.key.p8

Not imported into the TrustStore : D:\Entwicklung\TibcoEms\ems\6.3\samples\certs\server.key.pem

Not imported into the TrustStore : D:\Entwicklung\TibcoEms\ems\6.3\samples\certs\server_root.key.p8

Not imported into the TrustStore : D:\Entwicklung\TibcoEms\ems\6.3\samples\certs\server_root.key.pem

Not imported into the TrustStore : D:\Entwicklung\TibcoEms\ems\6.3\samples\certs\test_client_crl.pem

Not imported into the TrustStore : D:\Entwicklung\TibcoEms\ems\6.3\samples\certs\test_client_identity.p12

Not imported into the TrustStore : D:\Entwicklung\TibcoEms\ems\6.3\samples\certs\unencrypted.key


 TargetHostName=www.example.com
 CA_Certificate=D:\Entwicklung\TibcoEms\ems\6.3\samples\certs\server_root.cert.pem
 EMSServercertiFicate=D:\Entwicklung\TibcoEms\ems\6.3\samples\certs\server.cert.pem



###############
ERROR thrown in EMSQueueConnection Constructor  :TIBCO.EMS.ServiceUnavailableException: Failed to query Naming server: Failed to connect to any server at: ssl://localhost:7243, ssl://localhost:7244
   at TIBCO.EMS.LookupContext._Lookup(String name)
   at TIBCO.EMS.LookupContext.Lookup(String name)
   at Messaging.EMS.Connection.EMSQueueConnection..cctor() in c:\Users\nandan.kaushik\Documents\GitHub\IFS-POC\EMSConsumerLibrary\EMSConsumerLibrary\EMSQueueConnection.cs:line 124
