
D:\Entwicklung\TibcoEms\ems\6.3\samples\certs\1024b-rsa-example-cert.pem is imported into the CertStore

D:\Entwicklung\TibcoEms\ems\6.3\samples\certs\2048b-dsa-example-cert.pem is imported into the CertStore

D:\Entwicklung\TibcoEms\ems\6.3\samples\certs\CA.crt is imported into the CertStore

D:\Entwicklung\TibcoEms\ems\6.3\samples\certs\CA.pem is imported into the CertStore

D:\Entwicklung\TibcoEms\ems\6.3\samples\certs\Client.cer is imported into the CertStore

D:\Entwicklung\TibcoEms\ems\6.3\samples\certs\client.cert.pem is imported into the CertStore

D:\Entwicklung\TibcoEms\ems\6.3\samples\certs\client_root.cert.pem is imported into the CertStore

D:\Entwicklung\TibcoEms\ems\6.3\samples\certs\ForOutook.cer is imported into the CertStore

D:\Entwicklung\TibcoEms\ems\6.3\samples\certs\frank4dd-cacert.pem is imported into the CertStore

D:\Entwicklung\TibcoEms\ems\6.3\samples\certs\ia.crt is imported into the CertStore

D:\Entwicklung\TibcoEms\ems\6.3\samples\certs\ia.pem is imported into the CertStore

D:\Entwicklung\TibcoEms\ems\6.3\samples\certs\SampleAuthority.cer is imported into the CertStore

D:\Entwicklung\TibcoEms\ems\6.3\samples\certs\SampleAuthority.cert is imported into the CertStore

D:\Entwicklung\TibcoEms\ems\6.3\samples\certs\SampleAuthorityforEMSServer.cert is imported into the CertStore

D:\Entwicklung\TibcoEms\ems\6.3\samples\certs\SampleAuthority_for_EMSServer.cer is imported into the CertStore

D:\Entwicklung\TibcoEms\ems\6.3\samples\certs\server.cert.pem is imported into the CertStore

D:\Entwicklung\TibcoEms\ems\6.3\samples\certs\server_root.cert.pem is imported into the CertStore

D:\Entwicklung\TibcoEms\ems\6.3\samples\certs\test_client_ca.pem is imported into the CertStore

D:\Entwicklung\TibcoEms\ems\6.3\samples\certs\test_client_cert.pem is imported into the CertStore


 TargetHostName=www.example.com
 CA_Certificate=D:\Entwicklung\TibcoEms\ems\6.3\samples\certs\server_root.cert.pem
 EMSServercertiFicate=D:\Entwicklung\TibcoEms\ems\6.3\samples\certs\server.cert.pem



###############
ERROR thrown in EMSQueueConnection Constructor  :TIBCO.EMS.ServiceUnavailableException: Failed to query Naming server: Failed to connect via SSL to [ssl://localhost:7243]: Failed to connect to the server at ssl://localhost:7243
   at TIBCO.EMS.LookupContext._Lookup(String name)
   at TIBCO.EMS.LookupContext.Lookup(String name)
   at Messaging.EMS.Connection.EMSQueueConnection..cctor() in c:\Users\nandan.kaushik\Documents\Visual Studio 2013\Projects\EMSConsumerLibrary\EMSConsumerLibrary\EMSQueueConnection.cs:line 138
