
D:\Entwicklung\TibcoEms\ems\6.3\samples\certs\1024b-rsa-example-cert.pem is imported into the CertStore

D:\Entwicklung\TibcoEms\ems\6.3\samples\certs\2048b-dsa-example-cert.pem is imported into the CertStore

D:\Entwicklung\TibcoEms\ems\6.3\samples\certs\CA.crt is imported into the CertStore

D:\Entwicklung\TibcoEms\ems\6.3\samples\certs\CA.pem is imported into the CertStore

D:\Entwicklung\TibcoEms\ems\6.3\samples\certs\Client.cer is imported into the CertStore

D:\Entwicklung\TibcoEms\ems\6.3\samples\certs\client.cert.pem is imported into the CertStore

D:\Entwicklung\TibcoEms\ems\6.3\samples\certs\client_root.cert.pem is imported into the CertStore

D:\Entwicklung\TibcoEms\ems\6.3\samples\certs\ForOutook.cer is imported into the CertStore

D:\Entwicklung\TibcoEms\ems\6.3\samples\certs\frank4dd-cacert.pem is imported into the CertStore

D:\Entwicklung\TibcoEms\ems\6.3\samples\certs\ia.crt is imported into the CertStore

D:\Entwicklung\TibcoEms\ems\6.3\samples\certs\ia.pem is imported into the CertStore

D:\Entwicklung\TibcoEms\ems\6.3\samples\certs\SampleAuthority.cer is imported into the CertStore

D:\Entwicklung\TibcoEms\ems\6.3\samples\certs\SampleAuthority.cert is imported into the CertStore

D:\Entwicklung\TibcoEms\ems\6.3\samples\certs\SampleAuthorityforEMSServer.cert is imported into the CertStore

D:\Entwicklung\TibcoEms\ems\6.3\samples\certs\SampleAuthority_for_EMSServer.cer is imported into the CertStore

D:\Entwicklung\TibcoEms\ems\6.3\samples\certs\server.cert.pem is imported into the CertStore

D:\Entwicklung\TibcoEms\ems\6.3\samples\certs\server_root.cert.pem is imported into the CertStore

D:\Entwicklung\TibcoEms\ems\6.3\samples\certs\test_client_ca.pem is imported into the CertStore

D:\Entwicklung\TibcoEms\ems\6.3\samples\certs\test_client_cert.pem is imported into the CertStore


 TargetHostName=www.example.com
 CA_Certificate=D:\Entwicklung\TibcoEms\ems\6.3\samples\certs\server_root.cert.pem
 EMSServercertiFicate=D:\Entwicklung\TibcoEms\ems\6.3\samples\certs\server.cert.pem


-------------------------------------------
HostNameVerifier: certCN = [www.example.com]
connected Host = [localhost]
expected Host = [www.example.com]
-------------------------------------------
Exception Occured:   at TIBCO.EMS.ADMIN.MessengerUtil..ctor(String url, String username, String password, Hashtable sslParams)
   at TIBCO.EMS.ADMIN.Admin..ctor(String url, String userName, String password)
   at Messaging.EMS.CommonUtils.printConsumers(String QueueName) in c:\Users\nandan.kaushik\Documents\Visual Studio 2013\Projects\EMSConsumerLibrary\EMSConsumerLibrary\CommonUtils.cs:line 94

*********************************************************************************************************************************

=================== Message Received by the Thread "Explicit Thread for Session-70":
   TextMessage={ Header={ MessageID={ID:EMS-SERVER.86C58C8EACB4E:28} Destination={Queue[Consumers.For.DULDXXXX.q1]} ReplyTo={Queue[$TMP$.EMS-SERVER.86C58C8EACB4F.28]} DeliveryMode={Persistent} Redelivered={False} CorrelationID={} MsgType={} Timestamp={3/15/2017 9:33:53 AM} Expiration={0} Priority={4} } Properties={ } Text={
 
  RR  text msg sent  from Machine : lap-tz-0x60753
  BW-Project : BWTestStubsforEMSFramework
  BW-Jobid : 237000
  BW-ThreadName :  JobCourier7 
  BW-Processname : Producers/SendRequest.process
 
} }

=================== This Reply has been sent:   

Replying with .NET runtime specific info :


 MachineName: LAP-TZ-0X60753
 ReplyingProcessName: ConsumersForDULDXXXX
 ReplyingProcessId: 14216
 ThreadName:"Explicit Thread for Session-70"
 ClientId: BE-ING-IFS-LAMS
 New Producer SessionId used for reply: 80
 MethodCallingSequence /*Most Recent at the top*/:

		 (1) Void ProcessEMSMessage(TIBCO.EMS.Message)
		 (2) Void ReceiveAndProcessMessage(TIBCO.EMS.Message)
		 (3) Void <.ctor>b__0()
		 (4) Void ThreadStart_Context(System.Object)
		 (5) Void RunInternal(System.Threading.ExecutionContext, System.Threading.ContextCallback, System.Object, Boolean)
		 (6) Void Run(System.Threading.ExecutionContext, System.Threading.ContextCallback, System.Object, Boolean)
		 (7) Void Run(System.Threading.ExecutionContext, System.Threading.ContextCallback, System.Object)
		 (8) Void ThreadStart() 

 
*********************************************************************************************************************************

*********************************************************************************************************************************

=================== Message Received by the Thread "Explicit Thread for Session-71":
   TextMessage={ Header={ MessageID={ID:EMS-SERVER.86C58C8EACB51:29} Destination={Queue[Consumers.For.DULDXXXX.q1]} ReplyTo={Queue[$TMP$.EMS-SERVER.86C58C8EACB52.29]} DeliveryMode={Persistent} Redelivered={False} CorrelationID={} MsgType={} Timestamp={3/15/2017 9:33:53 AM} Expiration={0} Priority={4} } Properties={ } Text={
 
  RR  text msg sent  from Machine : lap-tz-0x60753
  BW-Project : BWTestStubsforEMSFramework
  BW-Jobid : 237000
  BW-ThreadName :  JobCourier6 
  BW-Processname : Producers/SendRequest.process
 
} }

=================== This Reply has been sent:   

Replying with .NET runtime specific info :


 MachineName: LAP-TZ-0X60753
 ReplyingProcessName: ConsumersForDULDXXXX
 ReplyingProcessId: 14216
 ThreadName:"Explicit Thread for Session-71"
 ClientId: BE-ING-IFS-LAMS
 New Producer SessionId used for reply: 83
 MethodCallingSequence /*Most Recent at the top*/:

		 (1) Void ProcessEMSMessage(TIBCO.EMS.Message)
		 (2) Void ReceiveAndProcessMessage(TIBCO.EMS.Message)
		 (3) Void <.ctor>b__0()
		 (4) Void ThreadStart_Context(System.Object)
		 (5) Void RunInternal(System.Threading.ExecutionContext, System.Threading.ContextCallback, System.Object, Boolean)
		 (6) Void Run(System.Threading.ExecutionContext, System.Threading.ContextCallback, System.Object, Boolean)
		 (7) Void Run(System.Threading.ExecutionContext, System.Threading.ContextCallback, System.Object)
		 (8) Void ThreadStart() 

 
*********************************************************************************************************************************

*********************************************************************************************************************************

=================== Message Received by the Thread "Explicit Thread for Session-72":
   TextMessage={ Header={ MessageID={ID:EMS-SERVER.86C58C8EACB54:30} Destination={Queue[Consumers.For.DULDXXXX.q1]} ReplyTo={Queue[$TMP$.EMS-SERVER.86C58C8EACB55.30]} DeliveryMode={Persistent} Redelivered={False} CorrelationID={} MsgType={} Timestamp={3/15/2017 9:33:53 AM} Expiration={0} Priority={4} } Properties={ } Text={
 
  RR  text msg sent  from Machine : lap-tz-0x60753
  BW-Project : BWTestStubsforEMSFramework
  BW-Jobid : 237000
  BW-ThreadName :  JobCourier5 
  BW-Processname : Producers/SendRequest.process
 
} }

=================== This Reply has been sent:   

Replying with .NET runtime specific info :


 MachineName: LAP-TZ-0X60753
 ReplyingProcessName: ConsumersForDULDXXXX
 ReplyingProcessId: 14216
 ThreadName:"Explicit Thread for Session-72"
 ClientId: BE-ING-IFS-LAMS
 New Producer SessionId used for reply: 86
 MethodCallingSequence /*Most Recent at the top*/:

		 (1) Void ProcessEMSMessage(TIBCO.EMS.Message)
		 (2) Void ReceiveAndProcessMessage(TIBCO.EMS.Message)
		 (3) Void <.ctor>b__0()
		 (4) Void ThreadStart_Context(System.Object)
		 (5) Void RunInternal(System.Threading.ExecutionContext, System.Threading.ContextCallback, System.Object, Boolean)
		 (6) Void Run(System.Threading.ExecutionContext, System.Threading.ContextCallback, System.Object, Boolean)
		 (7) Void Run(System.Threading.ExecutionContext, System.Threading.ContextCallback, System.Object)
		 (8) Void ThreadStart() 

 
*********************************************************************************************************************************

*********************************************************************************************************************************

=================== Message Received by the Thread "Explicit Thread for Session-73":
   TextMessage={ Header={ MessageID={ID:EMS-SERVER.86C58C8EACB57:31} Destination={Queue[Consumers.For.DULDXXXX.q1]} ReplyTo={Queue[$TMP$.EMS-SERVER.86C58C8EACB58.31]} DeliveryMode={Persistent} Redelivered={False} CorrelationID={} MsgType={} Timestamp={3/15/2017 9:33:53 AM} Expiration={0} Priority={4} } Properties={ } Text={
 
  RR  text msg sent  from Machine : lap-tz-0x60753
  BW-Project : BWTestStubsforEMSFramework
  BW-Jobid : 237000
  BW-ThreadName :  JobCourier4 
  BW-Processname : Producers/SendRequest.process
 
} }

=================== This Reply has been sent:   

Replying with .NET runtime specific info :


 MachineName: LAP-TZ-0X60753
 ReplyingProcessName: ConsumersForDULDXXXX
 ReplyingProcessId: 14216
 ThreadName:"Explicit Thread for Session-73"
 ClientId: BE-ING-IFS-LAMS
 New Producer SessionId used for reply: 89
 MethodCallingSequence /*Most Recent at the top*/:

		 (1) Void ProcessEMSMessage(TIBCO.EMS.Message)
		 (2) Void ReceiveAndProcessMessage(TIBCO.EMS.Message)
		 (3) Void <.ctor>b__0()
		 (4) Void ThreadStart_Context(System.Object)
		 (5) Void RunInternal(System.Threading.ExecutionContext, System.Threading.ContextCallback, System.Object, Boolean)
		 (6) Void Run(System.Threading.ExecutionContext, System.Threading.ContextCallback, System.Object, Boolean)
		 (7) Void Run(System.Threading.ExecutionContext, System.Threading.ContextCallback, System.Object)
		 (8) Void ThreadStart() 

 
*********************************************************************************************************************************

*********************************************************************************************************************************

=================== Message Received by the Thread "Explicit Thread for Session-74":
   TextMessage={ Header={ MessageID={ID:EMS-SERVER.86C58C8EACB5A:32} Destination={Queue[Consumers.For.DULDXXXX.q1]} ReplyTo={Queue[$TMP$.EMS-SERVER.86C58C8EACB5B.32]} DeliveryMode={Persistent} Redelivered={False} CorrelationID={} MsgType={} Timestamp={3/15/2017 9:33:53 AM} Expiration={0} Priority={4} } Properties={ } Text={
 
  RR  text msg sent  from Machine : lap-tz-0x60753
  BW-Project : BWTestStubsforEMSFramework
  BW-Jobid : 237000
  BW-ThreadName :  JobCourier3 
  BW-Processname : Producers/SendRequest.process
 
} }

=================== This Reply has been sent:   

Replying with .NET runtime specific info :


 MachineName: LAP-TZ-0X60753
 ReplyingProcessName: ConsumersForDULDXXXX
 ReplyingProcessId: 14216
 ThreadName:"Explicit Thread for Session-74"
 ClientId: BE-ING-IFS-LAMS
 New Producer SessionId used for reply: 92
 MethodCallingSequence /*Most Recent at the top*/:

		 (1) Void ProcessEMSMessage(TIBCO.EMS.Message)
		 (2) Void ReceiveAndProcessMessage(TIBCO.EMS.Message)
		 (3) Void <.ctor>b__0()
		 (4) Void ThreadStart_Context(System.Object)
		 (5) Void RunInternal(System.Threading.ExecutionContext, System.Threading.ContextCallback, System.Object, Boolean)
		 (6) Void Run(System.Threading.ExecutionContext, System.Threading.ContextCallback, System.Object, Boolean)
		 (7) Void Run(System.Threading.ExecutionContext, System.Threading.ContextCallback, System.Object)
		 (8) Void ThreadStart() 

 
*********************************************************************************************************************************

*********************************************************************************************************************************

=================== Message Received by the Thread "Explicit Thread for Session-70":
   TextMessage={ Header={ MessageID={ID:EMS-SERVER.86C58C8EACB5D:33} Destination={Queue[Consumers.For.DULDXXXX.q1]} ReplyTo={Queue[$TMP$.EMS-SERVER.86C58C8EACB5E.33]} DeliveryMode={Persistent} Redelivered={False} CorrelationID={} MsgType={} Timestamp={3/15/2017 9:34:36 AM} Expiration={0} Priority={4} } Properties={ } Text={
 
  RR  text msg sent  from Machine : lap-tz-0x60753
  BW-Project : BWTestStubsforEMSFramework
  BW-Jobid : 237001
  BW-ThreadName :  JobCourier1 
  BW-Processname : Producers/SendRequest.process
 
} }

=================== This Reply has been sent:   

Replying with .NET runtime specific info :


 MachineName: LAP-TZ-0X60753
 ReplyingProcessName: ConsumersForDULDXXXX
 ReplyingProcessId: 14216
 ThreadName:"Explicit Thread for Session-70"
 ClientId: BE-ING-IFS-LAMS
 New Producer SessionId used for reply: 95
 MethodCallingSequence /*Most Recent at the top*/:

		 (1) Void ProcessEMSMessage(TIBCO.EMS.Message)
		 (2) Void ReceiveAndProcessMessage(TIBCO.EMS.Message)
		 (3) Void <.ctor>b__0()
		 (4) Void ThreadStart_Context(System.Object)
		 (5) Void RunInternal(System.Threading.ExecutionContext, System.Threading.ContextCallback, System.Object, Boolean)
		 (6) Void Run(System.Threading.ExecutionContext, System.Threading.ContextCallback, System.Object, Boolean)
		 (7) Void Run(System.Threading.ExecutionContext, System.Threading.ContextCallback, System.Object)
		 (8) Void ThreadStart() 

 
*********************************************************************************************************************************

*********************************************************************************************************************************

=================== Message Received by the Thread "Explicit Thread for Session-71":
   TextMessage={ Header={ MessageID={ID:EMS-SERVER.86C58C8EACB60:34} Destination={Queue[Consumers.For.DULDXXXX.q1]} ReplyTo={Queue[$TMP$.EMS-SERVER.86C58C8EACB61.34]} DeliveryMode={Persistent} Redelivered={False} CorrelationID={} MsgType={} Timestamp={3/15/2017 9:34:36 AM} Expiration={0} Priority={4} } Properties={ } Text={
 
  RR  text msg sent  from Machine : lap-tz-0x60753
  BW-Project : BWTestStubsforEMSFramework
  BW-Jobid : 237001
  BW-ThreadName :  JobCourier0 
  BW-Processname : Producers/SendRequest.process
 
} }

=================== This Reply has been sent:   

Replying with .NET runtime specific info :


 MachineName: LAP-TZ-0X60753
 ReplyingProcessName: ConsumersForDULDXXXX
 ReplyingProcessId: 14216
 ThreadName:"Explicit Thread for Session-71"
 ClientId: BE-ING-IFS-LAMS
 New Producer SessionId used for reply: 98
 MethodCallingSequence /*Most Recent at the top*/:

		 (1) Void ProcessEMSMessage(TIBCO.EMS.Message)
		 (2) Void ReceiveAndProcessMessage(TIBCO.EMS.Message)
		 (3) Void <.ctor>b__0()
		 (4) Void ThreadStart_Context(System.Object)
		 (5) Void RunInternal(System.Threading.ExecutionContext, System.Threading.ContextCallback, System.Object, Boolean)
		 (6) Void Run(System.Threading.ExecutionContext, System.Threading.ContextCallback, System.Object, Boolean)
		 (7) Void Run(System.Threading.ExecutionContext, System.Threading.ContextCallback, System.Object)
		 (8) Void ThreadStart() 

 
*********************************************************************************************************************************

*********************************************************************************************************************************

=================== Message Received by the Thread "Explicit Thread for Session-72":
   TextMessage={ Header={ MessageID={ID:EMS-SERVER.86C58C8EACB4E:35} Destination={Queue[Consumers.For.DULDXXXX.q1]} ReplyTo={Queue[$TMP$.EMS-SERVER.86C58C8EACB63.35]} DeliveryMode={Persistent} Redelivered={False} CorrelationID={} MsgType={} Timestamp={3/15/2017 9:34:36 AM} Expiration={0} Priority={4} } Properties={ } Text={
 
  RR  text msg sent  from Machine : lap-tz-0x60753
  BW-Project : BWTestStubsforEMSFramework
  BW-Jobid : 237001
  BW-ThreadName :  JobCourier7 
  BW-Processname : Producers/SendRequest.process
 
} }

=================== This Reply has been sent:   

Replying with .NET runtime specific info :


 MachineName: LAP-TZ-0X60753
 ReplyingProcessName: ConsumersForDULDXXXX
 ReplyingProcessId: 14216
 ThreadName:"Explicit Thread for Session-72"
 ClientId: BE-ING-IFS-LAMS
 New Producer SessionId used for reply: 100
 MethodCallingSequence /*Most Recent at the top*/:

		 (1) Void ProcessEMSMessage(TIBCO.EMS.Message)
		 (2) Void ReceiveAndProcessMessage(TIBCO.EMS.Message)
		 (3) Void <.ctor>b__0()
		 (4) Void ThreadStart_Context(System.Object)
		 (5) Void RunInternal(System.Threading.ExecutionContext, System.Threading.ContextCallback, System.Object, Boolean)
		 (6) Void Run(System.Threading.ExecutionContext, System.Threading.ContextCallback, System.Object, Boolean)
		 (7) Void Run(System.Threading.ExecutionContext, System.Threading.ContextCallback, System.Object)
		 (8) Void ThreadStart() 

 
*********************************************************************************************************************************

*********************************************************************************************************************************

=================== Message Received by the Thread "Explicit Thread for Session-73":
   TextMessage={ Header={ MessageID={ID:EMS-SERVER.86C58C8EACB51:36} Destination={Queue[Consumers.For.DULDXXXX.q1]} ReplyTo={Queue[$TMP$.EMS-SERVER.86C58C8EACB65.36]} DeliveryMode={Persistent} Redelivered={False} CorrelationID={} MsgType={} Timestamp={3/15/2017 9:34:36 AM} Expiration={0} Priority={4} } Properties={ } Text={
 
  RR  text msg sent  from Machine : lap-tz-0x60753
  BW-Project : BWTestStubsforEMSFramework
  BW-Jobid : 237001
  BW-ThreadName :  JobCourier6 
  BW-Processname : Producers/SendRequest.process
 
} }

=================== This Reply has been sent:   

Replying with .NET runtime specific info :


 MachineName: LAP-TZ-0X60753
 ReplyingProcessName: ConsumersForDULDXXXX
 ReplyingProcessId: 14216
 ThreadName:"Explicit Thread for Session-73"
 ClientId: BE-ING-IFS-LAMS
 New Producer SessionId used for reply: 102
 MethodCallingSequence /*Most Recent at the top*/:

		 (1) Void ProcessEMSMessage(TIBCO.EMS.Message)
		 (2) Void ReceiveAndProcessMessage(TIBCO.EMS.Message)
		 (3) Void <.ctor>b__0()
		 (4) Void ThreadStart_Context(System.Object)
		 (5) Void RunInternal(System.Threading.ExecutionContext, System.Threading.ContextCallback, System.Object, Boolean)
		 (6) Void Run(System.Threading.ExecutionContext, System.Threading.ContextCallback, System.Object, Boolean)
		 (7) Void Run(System.Threading.ExecutionContext, System.Threading.ContextCallback, System.Object)
		 (8) Void ThreadStart() 

 
*********************************************************************************************************************************

*********************************************************************************************************************************

=================== Message Received by the Thread "Explicit Thread for Session-74":
   TextMessage={ Header={ MessageID={ID:EMS-SERVER.86C58C8EACB54:37} Destination={Queue[Consumers.For.DULDXXXX.q1]} ReplyTo={Queue[$TMP$.EMS-SERVER.86C58C8EACB67.37]} DeliveryMode={Persistent} Redelivered={False} CorrelationID={} MsgType={} Timestamp={3/15/2017 9:34:36 AM} Expiration={0} Priority={4} } Properties={ } Text={
 
  RR  text msg sent  from Machine : lap-tz-0x60753
  BW-Project : BWTestStubsforEMSFramework
  BW-Jobid : 237001
  BW-ThreadName :  JobCourier5 
  BW-Processname : Producers/SendRequest.process
 
} }

=================== This Reply has been sent:   

Replying with .NET runtime specific info :


 MachineName: LAP-TZ-0X60753
 ReplyingProcessName: ConsumersForDULDXXXX
 ReplyingProcessId: 14216
 ThreadName:"Explicit Thread for Session-74"
 ClientId: BE-ING-IFS-LAMS
 New Producer SessionId used for reply: 104
 MethodCallingSequence /*Most Recent at the top*/:

		 (1) Void ProcessEMSMessage(TIBCO.EMS.Message)
		 (2) Void ReceiveAndProcessMessage(TIBCO.EMS.Message)
		 (3) Void <.ctor>b__0()
		 (4) Void ThreadStart_Context(System.Object)
		 (5) Void RunInternal(System.Threading.ExecutionContext, System.Threading.ContextCallback, System.Object, Boolean)
		 (6) Void Run(System.Threading.ExecutionContext, System.Threading.ContextCallback, System.Object, Boolean)
		 (7) Void Run(System.Threading.ExecutionContext, System.Threading.ContextCallback, System.Object)
		 (8) Void ThreadStart() 

 
*********************************************************************************************************************************
