
Not imported into the TrustStore : D:\Entwicklung\TibcoEms\ems\6.3\samples\certs\1024b-rsa-example-keypair.pem

Not imported into the TrustStore : D:\Entwicklung\TibcoEms\ems\6.3\samples\certs\2048b-dsa-example-keypair.pem

Not imported into the TrustStore : D:\Entwicklung\TibcoEms\ems\6.3\samples\certs\CA.key

Not imported into the TrustStore : D:\Entwicklung\TibcoEms\ems\6.3\samples\certs\certs.txt

Not imported into the TrustStore : D:\Entwicklung\TibcoEms\ems\6.3\samples\certs\client.key.p8

Not imported into the TrustStore : D:\Entwicklung\TibcoEms\ems\6.3\samples\certs\client.key.pem

Not imported into the TrustStore : D:\Entwicklung\TibcoEms\ems\6.3\samples\certs\client_identity.p12

Not imported into the TrustStore : D:\Entwicklung\TibcoEms\ems\6.3\samples\certs\client_root.key.p8

Not imported into the TrustStore : D:\Entwicklung\TibcoEms\ems\6.3\samples\certs\client_root.key.pem

Not imported into the TrustStore : D:\Entwicklung\TibcoEms\ems\6.3\samples\certs\ia.csr

Not imported into the TrustStore : D:\Entwicklung\TibcoEms\ems\6.3\samples\certs\ia.key

Not imported into the TrustStore : D:\Entwicklung\TibcoEms\ems\6.3\samples\certs\ia.p12

Not imported into the TrustStore : D:\Entwicklung\TibcoEms\ems\6.3\samples\certs\readme.txt

Not imported into the TrustStore : D:\Entwicklung\TibcoEms\ems\6.3\samples\certs\SampleAuthority.cert.key

Not imported into the TrustStore : D:\Entwicklung\TibcoEms\ems\6.3\samples\certs\SampleAuthority_for_EMSServer.key.cer

Not imported into the TrustStore : D:\Entwicklung\TibcoEms\ems\6.3\samples\certs\server.key.p8

Not imported into the TrustStore : D:\Entwicklung\TibcoEms\ems\6.3\samples\certs\server.key.pem

Not imported into the TrustStore : D:\Entwicklung\TibcoEms\ems\6.3\samples\certs\server_root.key.p8

Not imported into the TrustStore : D:\Entwicklung\TibcoEms\ems\6.3\samples\certs\server_root.key.pem

Not imported into the TrustStore : D:\Entwicklung\TibcoEms\ems\6.3\samples\certs\test_client_crl.pem

Not imported into the TrustStore : D:\Entwicklung\TibcoEms\ems\6.3\samples\certs\test_client_identity.p12

Not imported into the TrustStore : D:\Entwicklung\TibcoEms\ems\6.3\samples\certs\unencrypted.key


 TargetHostName=www.example.com
 CA_Certificate=D:\Entwicklung\TibcoEms\ems\6.3\samples\certs\server_root.cert.pem
 EMSServercertiFicate=D:\Entwicklung\TibcoEms\ems\6.3\samples\certs\server.cert.pem


-------------------------------------------
HostNameVerifier: certCN = [www.example.com]
connected Host = [localhost]
expected Host = [www.example.com]
-------------------------------------------



----------------------------------------------------------
  ConnectionId : 16

  ConsumerID : 32

  SessionId : 30

  DestinationName : Consumers.For.DULDXXXX.q1

  ThreadName : LAP-TZ-0X60753_ConsumersForDULDXXXX_13680
----------------------------------------------------------
  ConnectionId : 16

  ConsumerID : 28

  SessionId : 26

  DestinationName : Consumers.For.DULDXXXX.q1

  ThreadName : LAP-TZ-0X60753_ConsumersForDULDXXXX_13680
----------------------------------------------------------
  ConnectionId : 16

  ConsumerID : 29

  SessionId : 27

  DestinationName : Consumers.For.DULDXXXX.q1

  ThreadName : LAP-TZ-0X60753_ConsumersForDULDXXXX_13680
----------------------------------------------------------
  ConnectionId : 16

  ConsumerID : 30

  SessionId : 28

  DestinationName : Consumers.For.DULDXXXX.q1

  ThreadName : LAP-TZ-0X60753_ConsumersForDULDXXXX_13680
----------------------------------------------------------
  ConnectionId : 16

  ConsumerID : 31

  SessionId : 29

  DestinationName : Consumers.For.DULDXXXX.q1

  ThreadName : LAP-TZ-0X60753_ConsumersForDULDXXXX_13680

*********************************************************************************************************************************

=================== Message Received by the Thread "Explicit Thread for Session-28":
   TextMessage={ Header={ MessageID={ID:EMS-SERVER.3A6458D38E7020:15} Destination={Queue[Consumers.For.DULDXXXX.q1]} ReplyTo={Queue[$TMP$.EMS-SERVER.3A6458D38E7021.15]} DeliveryMode={Persistent} Redelivered={False} CorrelationID={} MsgType={} Timestamp={3/23/2017 9:11:32 AM} Expiration={0} Priority={4} } Properties={ } Text={
 
  RR  text msg sent  from Machine : lap-tz-0x60753
  BW-Project : BWTestStubsforEMSFramework
  BW-Jobid : 261002
  BW-ThreadName :  JobCourier3 
  BW-Processname : Producers/SendRequest.process
 
} }

=================== This Reply has been sent:   

Replying with .NET runtime specific info :


 MachineName: LAP-TZ-0X60753
 ReplyingProcessName: ConsumersForDULDXXXX
 ReplyingProcessId: 13680
 ThreadName:"Explicit Thread for Session-28"
 ClientId: BE-ING-IFS-LAMS
 New Producer SessionId used for reply: 34
 MethodCallingSequence /*Most Recent at the top*/:

		 (1) Void ProcessEMSMessage(TIBCO.EMS.Message)
		 (2) Void ReceiveAndProcessMessage(TIBCO.EMS.Message)
		 (3) Void <.ctor>b__0()
		 (4) Void ThreadStart_Context(System.Object)
		 (5) Void RunInternal(System.Threading.ExecutionContext, System.Threading.ContextCallback, System.Object, Boolean)
		 (6) Void Run(System.Threading.ExecutionContext, System.Threading.ContextCallback, System.Object, Boolean)
		 (7) Void Run(System.Threading.ExecutionContext, System.Threading.ContextCallback, System.Object)
		 (8) Void ThreadStart() 

 
*********************************************************************************************************************************

*********************************************************************************************************************************

=================== Message Received by the Thread "Explicit Thread for Session-29":
   TextMessage={ Header={ MessageID={ID:EMS-SERVER.3A6458D38E7023:16} Destination={Queue[Consumers.For.DULDXXXX.q1]} ReplyTo={Queue[$TMP$.EMS-SERVER.3A6458D38E7024.16]} DeliveryMode={Persistent} Redelivered={False} CorrelationID={} MsgType={} Timestamp={3/23/2017 9:11:53 AM} Expiration={0} Priority={4} } Properties={ } Text={
 
  RR  text msg sent  from Machine : lap-tz-0x60753
  BW-Project : BWTestStubsforEMSFramework
  BW-Jobid : 261003
  BW-ThreadName :  JobCourier1 
  BW-Processname : Producers/SendRequest.process
 
} }

=================== This Reply has been sent:   

Replying with .NET runtime specific info :


 MachineName: LAP-TZ-0X60753
 ReplyingProcessName: ConsumersForDULDXXXX
 ReplyingProcessId: 13680
 ThreadName:"Explicit Thread for Session-29"
 ClientId: BE-ING-IFS-LAMS
 New Producer SessionId used for reply: 37
 MethodCallingSequence /*Most Recent at the top*/:

		 (1) Void ProcessEMSMessage(TIBCO.EMS.Message)
		 (2) Void ReceiveAndProcessMessage(TIBCO.EMS.Message)
		 (3) Void <.ctor>b__0()
		 (4) Void ThreadStart_Context(System.Object)
		 (5) Void RunInternal(System.Threading.ExecutionContext, System.Threading.ContextCallback, System.Object, Boolean)
		 (6) Void Run(System.Threading.ExecutionContext, System.Threading.ContextCallback, System.Object, Boolean)
		 (7) Void Run(System.Threading.ExecutionContext, System.Threading.ContextCallback, System.Object)
		 (8) Void ThreadStart() 

 
*********************************************************************************************************************************
