
D:\Entwicklung\TibcoEms\ems\6.3\samples\certs\1024b-rsa-example-cert.pem is imported into the CertStore

D:\Entwicklung\TibcoEms\ems\6.3\samples\certs\2048b-dsa-example-cert.pem is imported into the CertStore

D:\Entwicklung\TibcoEms\ems\6.3\samples\certs\CA.crt is imported into the CertStore

D:\Entwicklung\TibcoEms\ems\6.3\samples\certs\CA.pem is imported into the CertStore

D:\Entwicklung\TibcoEms\ems\6.3\samples\certs\Client.cer is imported into the CertStore

D:\Entwicklung\TibcoEms\ems\6.3\samples\certs\client.cert.pem is imported into the CertStore

D:\Entwicklung\TibcoEms\ems\6.3\samples\certs\client_root.cert.pem is imported into the CertStore

D:\Entwicklung\TibcoEms\ems\6.3\samples\certs\ForOutook.cer is imported into the CertStore

D:\Entwicklung\TibcoEms\ems\6.3\samples\certs\frank4dd-cacert.pem is imported into the CertStore

D:\Entwicklung\TibcoEms\ems\6.3\samples\certs\ia.crt is imported into the CertStore

D:\Entwicklung\TibcoEms\ems\6.3\samples\certs\ia.pem is imported into the CertStore

D:\Entwicklung\TibcoEms\ems\6.3\samples\certs\SampleAuthority.cer is imported into the CertStore

D:\Entwicklung\TibcoEms\ems\6.3\samples\certs\SampleAuthority.cert is imported into the CertStore

D:\Entwicklung\TibcoEms\ems\6.3\samples\certs\SampleAuthorityforEMSServer.cert is imported into the CertStore

D:\Entwicklung\TibcoEms\ems\6.3\samples\certs\SampleAuthority_for_EMSServer.cer is imported into the CertStore

D:\Entwicklung\TibcoEms\ems\6.3\samples\certs\server.cert.pem is imported into the CertStore

D:\Entwicklung\TibcoEms\ems\6.3\samples\certs\server_root.cert.pem is imported into the CertStore

D:\Entwicklung\TibcoEms\ems\6.3\samples\certs\test_client_ca.pem is imported into the CertStore

D:\Entwicklung\TibcoEms\ems\6.3\samples\certs\test_client_cert.pem is imported into the CertStore


 TargetHostName=www.example.com
 CA_Certificate=D:\Entwicklung\TibcoEms\ems\6.3\samples\certs\server_root.cert.pem
 EMSServercertiFicate=D:\Entwicklung\TibcoEms\ems\6.3\samples\certs\server.cert.pem


-------------------------------------------
HostNameVerifier: certCN = [www.example.com]
connected Host = [localhost]
expected Host = [www.example.com]
-------------------------------------------
Exception Occured:   at TIBCO.EMS.ADMIN.MessengerUtil..ctor(String url, String username, String password, Hashtable sslParams)
   at TIBCO.EMS.ADMIN.Admin..ctor(String url, String userName, String password)
   at Messaging.EMS.CommonUtils.printConsumers(String QueueName) in c:\Users\nandan.kaushik\Documents\Visual Studio 2013\Projects\EMSConsumerLibrary\EMSConsumerLibrary\CommonUtils.cs:line 94

*********************************************************************************************************************************

=================== Message Received by the Thread "Explicit Thread for Session-130":
   TextMessage={ Header={ MessageID={ID:EMS-SERVER.86C58C8EACB8A:47} Destination={Queue[Consumers.For.DULDXXXX.q1]} ReplyTo={Queue[$TMP$.EMS-SERVER.86C58C8EACB8B.47]} DeliveryMode={Persistent} Redelivered={False} CorrelationID={} MsgType={} Timestamp={3/15/2017 9:44:12 AM} Expiration={0} Priority={4} } Properties={ } Text={
 
  RR  text msg sent  from Machine : lap-tz-0x60753
  BW-Project : BWTestStubsforEMSFramework
  BW-Jobid : 239000
  BW-ThreadName :  JobCourier7 
  BW-Processname : Producers/SendRequest.process
 
} }

=================== This Reply has been sent:   

Replying with .NET runtime specific info :


 MachineName: LAP-TZ-0X60753
 ReplyingProcessName: ConsumersForDULDXXXX
 ReplyingProcessId: 12092
 ThreadName:"Explicit Thread for Session-130"
 ClientId: BE-ING-IFS-LAMS
 New Producer SessionId used for reply: 140
 MethodCallingSequence /*Most Recent at the top*/:

		 (1) Void ProcessEMSMessage(TIBCO.EMS.Message)
		 (2) Void ReceiveAndProcessMessage(TIBCO.EMS.Message)
		 (3) Void <.ctor>b__0()
		 (4) Void ThreadStart_Context(System.Object)
		 (5) Void RunInternal(System.Threading.ExecutionContext, System.Threading.ContextCallback, System.Object, Boolean)
		 (6) Void Run(System.Threading.ExecutionContext, System.Threading.ContextCallback, System.Object, Boolean)
		 (7) Void Run(System.Threading.ExecutionContext, System.Threading.ContextCallback, System.Object)
		 (8) Void ThreadStart() 

 
*********************************************************************************************************************************

*********************************************************************************************************************************

=================== Message Received by the Thread "Explicit Thread for Session-131":
   TextMessage={ Header={ MessageID={ID:EMS-SERVER.86C58C8EACB8D:48} Destination={Queue[Consumers.For.DULDXXXX.q1]} ReplyTo={Queue[$TMP$.EMS-SERVER.86C58C8EACB8E.48]} DeliveryMode={Persistent} Redelivered={False} CorrelationID={} MsgType={} Timestamp={3/15/2017 9:44:48 AM} Expiration={0} Priority={4} } Properties={ } Text={
 
  RR  text msg sent  from Machine : lap-tz-0x60753
  BW-Project : BWTestStubsforEMSFramework
  BW-Jobid : 239001
  BW-ThreadName :  JobCourier5 
  BW-Processname : Producers/SendRequest.process
 
} }

=================== This Reply has been sent:   

Replying with .NET runtime specific info :


 MachineName: LAP-TZ-0X60753
 ReplyingProcessName: ConsumersForDULDXXXX
 ReplyingProcessId: 12092
 ThreadName:"Explicit Thread for Session-131"
 ClientId: BE-ING-IFS-LAMS
 New Producer SessionId used for reply: 143
 MethodCallingSequence /*Most Recent at the top*/:

		 (1) Void ProcessEMSMessage(TIBCO.EMS.Message)
		 (2) Void ReceiveAndProcessMessage(TIBCO.EMS.Message)
		 (3) Void <.ctor>b__0()
		 (4) Void ThreadStart_Context(System.Object)
		 (5) Void RunInternal(System.Threading.ExecutionContext, System.Threading.ContextCallback, System.Object, Boolean)
		 (6) Void Run(System.Threading.ExecutionContext, System.Threading.ContextCallback, System.Object, Boolean)
		 (7) Void Run(System.Threading.ExecutionContext, System.Threading.ContextCallback, System.Object)
		 (8) Void ThreadStart() 

 
*********************************************************************************************************************************

*********************************************************************************************************************************

=================== Message Received by the Thread "Explicit Thread for Session-132":
   TextMessage={ Header={ MessageID={ID:EMS-SERVER.86C58C8EACB90:49} Destination={Queue[Consumers.For.DULDXXXX.q1]} ReplyTo={Queue[$TMP$.EMS-SERVER.86C58C8EACB91.49]} DeliveryMode={Persistent} Redelivered={False} CorrelationID={} MsgType={} Timestamp={3/15/2017 9:44:59 AM} Expiration={0} Priority={4} } Properties={ } Text={
 
  RR  text msg sent  from Machine : lap-tz-0x60753
  BW-Project : BWTestStubsforEMSFramework
  BW-Jobid : 239002
  BW-ThreadName :  JobCourier3 
  BW-Processname : Producers/SendRequest.process
 
} }

=================== This Reply has been sent:   

Replying with .NET runtime specific info :


 MachineName: LAP-TZ-0X60753
 ReplyingProcessName: ConsumersForDULDXXXX
 ReplyingProcessId: 12092
 ThreadName:"Explicit Thread for Session-132"
 ClientId: BE-ING-IFS-LAMS
 New Producer SessionId used for reply: 146
 MethodCallingSequence /*Most Recent at the top*/:

		 (1) Void ProcessEMSMessage(TIBCO.EMS.Message)
		 (2) Void ReceiveAndProcessMessage(TIBCO.EMS.Message)
		 (3) Void <.ctor>b__0()
		 (4) Void ThreadStart_Context(System.Object)
		 (5) Void RunInternal(System.Threading.ExecutionContext, System.Threading.ContextCallback, System.Object, Boolean)
		 (6) Void Run(System.Threading.ExecutionContext, System.Threading.ContextCallback, System.Object, Boolean)
		 (7) Void Run(System.Threading.ExecutionContext, System.Threading.ContextCallback, System.Object)
		 (8) Void ThreadStart() 

 
*********************************************************************************************************************************

*********************************************************************************************************************************

=================== Message Received by the Thread "Explicit Thread for Session-133":
   TextMessage={ Header={ MessageID={ID:EMS-SERVER.86C58C8EACB93:50} Destination={Queue[Consumers.For.DULDXXXX.q1]} ReplyTo={Queue[$TMP$.EMS-SERVER.86C58C8EACB94.50]} DeliveryMode={Persistent} Redelivered={False} CorrelationID={} MsgType={} Timestamp={3/15/2017 9:45:06 AM} Expiration={0} Priority={4} } Properties={ } Text={
 
  RR  text msg sent  from Machine : lap-tz-0x60753
  BW-Project : BWTestStubsforEMSFramework
  BW-Jobid : 239003
  BW-ThreadName :  JobCourier1 
  BW-Processname : Producers/SendRequest.process
 
} }

=================== This Reply has been sent:   

Replying with .NET runtime specific info :


 MachineName: LAP-TZ-0X60753
 ReplyingProcessName: ConsumersForDULDXXXX
 ReplyingProcessId: 12092
 ThreadName:"Explicit Thread for Session-133"
 ClientId: BE-ING-IFS-LAMS
 New Producer SessionId used for reply: 149
 MethodCallingSequence /*Most Recent at the top*/:

		 (1) Void ProcessEMSMessage(TIBCO.EMS.Message)
		 (2) Void ReceiveAndProcessMessage(TIBCO.EMS.Message)
		 (3) Void <.ctor>b__0()
		 (4) Void ThreadStart_Context(System.Object)
		 (5) Void RunInternal(System.Threading.ExecutionContext, System.Threading.ContextCallback, System.Object, Boolean)
		 (6) Void Run(System.Threading.ExecutionContext, System.Threading.ContextCallback, System.Object, Boolean)
		 (7) Void Run(System.Threading.ExecutionContext, System.Threading.ContextCallback, System.Object)
		 (8) Void ThreadStart() 

 
*********************************************************************************************************************************

*********************************************************************************************************************************

=================== Message Received by the Thread "Explicit Thread for Session-134":
   TextMessage={ Header={ MessageID={ID:EMS-SERVER.86C58C8EACB8A:51} Destination={Queue[Consumers.For.DULDXXXX.q1]} ReplyTo={Queue[$TMP$.EMS-SERVER.86C58C8EACB96.51]} DeliveryMode={Persistent} Redelivered={False} CorrelationID={} MsgType={} Timestamp={3/15/2017 9:45:16 AM} Expiration={0} Priority={4} } Properties={ } Text={
 
  RR  text msg sent  from Machine : lap-tz-0x60753
  BW-Project : BWTestStubsforEMSFramework
  BW-Jobid : 239004
  BW-ThreadName :  JobCourier7 
  BW-Processname : Producers/SendRequest.process
 
} }

=================== This Reply has been sent:   

Replying with .NET runtime specific info :


 MachineName: LAP-TZ-0X60753
 ReplyingProcessName: ConsumersForDULDXXXX
 ReplyingProcessId: 12092
 ThreadName:"Explicit Thread for Session-134"
 ClientId: BE-ING-IFS-LAMS
 New Producer SessionId used for reply: 151
 MethodCallingSequence /*Most Recent at the top*/:

		 (1) Void ProcessEMSMessage(TIBCO.EMS.Message)
		 (2) Void ReceiveAndProcessMessage(TIBCO.EMS.Message)
		 (3) Void <.ctor>b__0()
		 (4) Void ThreadStart_Context(System.Object)
		 (5) Void RunInternal(System.Threading.ExecutionContext, System.Threading.ContextCallback, System.Object, Boolean)
		 (6) Void Run(System.Threading.ExecutionContext, System.Threading.ContextCallback, System.Object, Boolean)
		 (7) Void Run(System.Threading.ExecutionContext, System.Threading.ContextCallback, System.Object)
		 (8) Void ThreadStart() 

 
*********************************************************************************************************************************
