
Not imported into the TrustStore : D:\Entwicklung\TibcoEms\ems\6.3\samples\certs\1024b-rsa-example-keypair.pem

Not imported into the TrustStore : D:\Entwicklung\TibcoEms\ems\6.3\samples\certs\2048b-dsa-example-keypair.pem

Not imported into the TrustStore : D:\Entwicklung\TibcoEms\ems\6.3\samples\certs\CA.key

Not imported into the TrustStore : D:\Entwicklung\TibcoEms\ems\6.3\samples\certs\certs.txt

Not imported into the TrustStore : D:\Entwicklung\TibcoEms\ems\6.3\samples\certs\client.key.p8

Not imported into the TrustStore : D:\Entwicklung\TibcoEms\ems\6.3\samples\certs\client.key.pem

Not imported into the TrustStore : D:\Entwicklung\TibcoEms\ems\6.3\samples\certs\client_identity.p12

Not imported into the TrustStore : D:\Entwicklung\TibcoEms\ems\6.3\samples\certs\client_root.key.p8

Not imported into the TrustStore : D:\Entwicklung\TibcoEms\ems\6.3\samples\certs\client_root.key.pem

Not imported into the TrustStore : D:\Entwicklung\TibcoEms\ems\6.3\samples\certs\ia.csr

Not imported into the TrustStore : D:\Entwicklung\TibcoEms\ems\6.3\samples\certs\ia.key

Not imported into the TrustStore : D:\Entwicklung\TibcoEms\ems\6.3\samples\certs\ia.p12

Not imported into the TrustStore : D:\Entwicklung\TibcoEms\ems\6.3\samples\certs\readme.txt

Not imported into the TrustStore : D:\Entwicklung\TibcoEms\ems\6.3\samples\certs\SampleAuthority.cert.key

Not imported into the TrustStore : D:\Entwicklung\TibcoEms\ems\6.3\samples\certs\SampleAuthority_for_EMSServer.key.cer

Not imported into the TrustStore : D:\Entwicklung\TibcoEms\ems\6.3\samples\certs\server.key.p8

Not imported into the TrustStore : D:\Entwicklung\TibcoEms\ems\6.3\samples\certs\server.key.pem

Not imported into the TrustStore : D:\Entwicklung\TibcoEms\ems\6.3\samples\certs\server_root.key.p8

Not imported into the TrustStore : D:\Entwicklung\TibcoEms\ems\6.3\samples\certs\server_root.key.pem

Not imported into the TrustStore : D:\Entwicklung\TibcoEms\ems\6.3\samples\certs\test_client_crl.pem

Not imported into the TrustStore : D:\Entwicklung\TibcoEms\ems\6.3\samples\certs\test_client_identity.p12

Not imported into the TrustStore : D:\Entwicklung\TibcoEms\ems\6.3\samples\certs\unencrypted.key


 TargetHostName=www.example.com
 CA_Certificate=D:\Entwicklung\TibcoEms\ems\6.3\samples\certs\server_root.cert.pem
 EMSServercertiFicate=D:\Entwicklung\TibcoEms\ems\6.3\samples\certs\server.cert.pem


-------------------------------------------
HostNameVerifier: certCN = [www.example.com]
connected Host = [localhost]
expected Host = [www.example.com]
-------------------------------------------




*********************************************************************************************************************************

=================== Message Received by the Thread "Explicit Thread for Session-9":
   TextMessage={ Header={ MessageID={ID:EMS-SERVER.254C58D3CC2F12:25} Destination={Queue[Consumers.For.DULDXXXX.q1]} ReplyTo={Queue[$TMP$.EMS-SERVER.254C58D3CC2F13.25]} DeliveryMode={Persistent} Redelivered={False} CorrelationID={} MsgType={} Timestamp={3/23/2017 1:31:52 PM} Expiration={0} Priority={4} } Properties={ } Text={
 
  RR  text msg sent  from Machine : lap-tz-0x60753
  BW-Project : BWTestStubsforEMSFramework
  BW-Jobid : 262000
  BW-ThreadName :  JobCourier7 
  BW-Processname : Producers/SendRequest.process
 
} }

=================== This Reply has been sent:   

Replying with .NET runtime specific info :


 MachineName: LAP-TZ-0X60753
 ReplyingProcessName: ConsumersForDULDXXXX
 ReplyingProcessId: 14692
 ThreadName:"Explicit Thread for Session-9"
 ClientId: BE-ING-IFS-LAMS
 New Producer SessionId used for reply: 20
 MethodCallingSequence /*Most Recent at the top*/:

		 (1) Void ProcessEMSMessage(TIBCO.EMS.Message)
		 (2) Void ReceiveAndProcessMessage(TIBCO.EMS.Message)
		 (3) Void <.ctor>b__0()
		 (4) Void ThreadStart_Context(System.Object)
		 (5) Void RunInternal(System.Threading.ExecutionContext, System.Threading.ContextCallback, System.Object, Boolean)
		 (6) Void Run(System.Threading.ExecutionContext, System.Threading.ContextCallback, System.Object, Boolean)
		 (7) Void Run(System.Threading.ExecutionContext, System.Threading.ContextCallback, System.Object)
		 (8) Void ThreadStart() 

 
*********************************************************************************************************************************

*********************************************************************************************************************************

=================== Message Received by the Thread "Explicit Thread for Session-10":
   TextMessage={ Header={ MessageID={ID:EMS-SERVER.254C58D3CC2F15:26} Destination={Queue[Consumers.For.DULDXXXX.q1]} ReplyTo={Queue[$TMP$.EMS-SERVER.254C58D3CC2F16.26]} DeliveryMode={Persistent} Redelivered={False} CorrelationID={} MsgType={} Timestamp={3/23/2017 1:32:01 PM} Expiration={0} Priority={4} } Properties={ } Text={
 
  RR  text msg sent  from Machine : lap-tz-0x60753
  BW-Project : BWTestStubsforEMSFramework
  BW-Jobid : 262001
  BW-ThreadName :  JobCourier5 
  BW-Processname : Producers/SendRequest.process
 
} }

=================== This Reply has been sent:   

Replying with .NET runtime specific info :


 MachineName: LAP-TZ-0X60753
 ReplyingProcessName: ConsumersForDULDXXXX
 ReplyingProcessId: 14692
 ThreadName:"Explicit Thread for Session-10"
 ClientId: BE-ING-IFS-LAMS
 New Producer SessionId used for reply: 23
 MethodCallingSequence /*Most Recent at the top*/:

		 (1) Void ProcessEMSMessage(TIBCO.EMS.Message)
		 (2) Void ReceiveAndProcessMessage(TIBCO.EMS.Message)
		 (3) Void <.ctor>b__0()
		 (4) Void ThreadStart_Context(System.Object)
		 (5) Void RunInternal(System.Threading.ExecutionContext, System.Threading.ContextCallback, System.Object, Boolean)
		 (6) Void Run(System.Threading.ExecutionContext, System.Threading.ContextCallback, System.Object, Boolean)
		 (7) Void Run(System.Threading.ExecutionContext, System.Threading.ContextCallback, System.Object)
		 (8) Void ThreadStart() 

 
*********************************************************************************************************************************

*********************************************************************************************************************************

=================== Message Received by the Thread "Explicit Thread for Session-11":
   TextMessage={ Header={ MessageID={ID:EMS-SERVER.254C58D3CC2F18:27} Destination={Queue[Consumers.For.DULDXXXX.q1]} ReplyTo={Queue[$TMP$.EMS-SERVER.254C58D3CC2F19.27]} DeliveryMode={Persistent} Redelivered={False} CorrelationID={} MsgType={} Timestamp={3/23/2017 1:32:14 PM} Expiration={0} Priority={4} } Properties={ } Text={
 
  RR  text msg sent  from Machine : lap-tz-0x60753
  BW-Project : BWTestStubsforEMSFramework
  BW-Jobid : 262002
  BW-ThreadName :  JobCourier3 
  BW-Processname : Producers/SendRequest.process
 
} }

=================== This Reply has been sent:   

Replying with .NET runtime specific info :


 MachineName: LAP-TZ-0X60753
 ReplyingProcessName: ConsumersForDULDXXXX
 ReplyingProcessId: 14692
 ThreadName:"Explicit Thread for Session-11"
 ClientId: BE-ING-IFS-LAMS
 New Producer SessionId used for reply: 26
 MethodCallingSequence /*Most Recent at the top*/:

		 (1) Void ProcessEMSMessage(TIBCO.EMS.Message)
		 (2) Void ReceiveAndProcessMessage(TIBCO.EMS.Message)
		 (3) Void <.ctor>b__0()
		 (4) Void ThreadStart_Context(System.Object)
		 (5) Void RunInternal(System.Threading.ExecutionContext, System.Threading.ContextCallback, System.Object, Boolean)
		 (6) Void Run(System.Threading.ExecutionContext, System.Threading.ContextCallback, System.Object, Boolean)
		 (7) Void Run(System.Threading.ExecutionContext, System.Threading.ContextCallback, System.Object)
		 (8) Void ThreadStart() 

 
*********************************************************************************************************************************


********** On EMSExceptionEvent **********

********** ThreadName:EMS TCPLink Reader (Server-15)

********** Exception Message: Connection has been terminated

********** Sender Object:QueueConnection[ClientId=BE-ING-IFS-LAMS Closed, URL=ssl://lap-tz-0x60753:7243]

********** Stacktrace:

********** Source:

********** TargetSite:
