
Not imported into the TrustStore : D:\Entwicklung\TibcoEms\ems\6.3\samples\certs\1024b-rsa-example-keypair.pem

Not imported into the TrustStore : D:\Entwicklung\TibcoEms\ems\6.3\samples\certs\2048b-dsa-example-keypair.pem

Not imported into the TrustStore : D:\Entwicklung\TibcoEms\ems\6.3\samples\certs\CA.key

Not imported into the TrustStore : D:\Entwicklung\TibcoEms\ems\6.3\samples\certs\certs.txt

Not imported into the TrustStore : D:\Entwicklung\TibcoEms\ems\6.3\samples\certs\client.key.p8

Not imported into the TrustStore : D:\Entwicklung\TibcoEms\ems\6.3\samples\certs\client.key.pem

Not imported into the TrustStore : D:\Entwicklung\TibcoEms\ems\6.3\samples\certs\client_identity.p12

Not imported into the TrustStore : D:\Entwicklung\TibcoEms\ems\6.3\samples\certs\client_root.key.p8

Not imported into the TrustStore : D:\Entwicklung\TibcoEms\ems\6.3\samples\certs\client_root.key.pem

Not imported into the TrustStore : D:\Entwicklung\TibcoEms\ems\6.3\samples\certs\ia.csr

Not imported into the TrustStore : D:\Entwicklung\TibcoEms\ems\6.3\samples\certs\ia.key

Not imported into the TrustStore : D:\Entwicklung\TibcoEms\ems\6.3\samples\certs\ia.p12

Not imported into the TrustStore : D:\Entwicklung\TibcoEms\ems\6.3\samples\certs\readme.txt

Not imported into the TrustStore : D:\Entwicklung\TibcoEms\ems\6.3\samples\certs\SampleAuthority.cert.key

Not imported into the TrustStore : D:\Entwicklung\TibcoEms\ems\6.3\samples\certs\SampleAuthority_for_EMSServer.key.cer

Not imported into the TrustStore : D:\Entwicklung\TibcoEms\ems\6.3\samples\certs\server.key.p8

Not imported into the TrustStore : D:\Entwicklung\TibcoEms\ems\6.3\samples\certs\server.key.pem

Not imported into the TrustStore : D:\Entwicklung\TibcoEms\ems\6.3\samples\certs\server_root.key.p8

Not imported into the TrustStore : D:\Entwicklung\TibcoEms\ems\6.3\samples\certs\server_root.key.pem

Not imported into the TrustStore : D:\Entwicklung\TibcoEms\ems\6.3\samples\certs\test_client_crl.pem

Not imported into the TrustStore : D:\Entwicklung\TibcoEms\ems\6.3\samples\certs\test_client_identity.p12

Not imported into the TrustStore : D:\Entwicklung\TibcoEms\ems\6.3\samples\certs\unencrypted.key


 TargetHostName=www.example.com
 CA_Certificate=D:\Entwicklung\TibcoEms\ems\6.3\samples\certs\server_root.cert.pem
 EMSServercertiFicate=D:\Entwicklung\TibcoEms\ems\6.3\samples\certs\server.cert.pem


-------------------------------------------
HostNameVerifier: certCN = [www.example.com]
connected Host = [localhost]
expected Host = [www.example.com]
-------------------------------------------



----------------------------------------------------------
  ConnectionId : 49

  ConsumerID : 35

  SessionId : 42

  DestinationName : Consumers.For.DULDXXXX.q1

  ThreadName : LAP-TZ-0X60753_ConsumersForDULDXXXX_4756
----------------------------------------------------------
  ConnectionId : 49

  ConsumerID : 36

  SessionId : 43

  DestinationName : Consumers.For.DULDXXXX.q1

  ThreadName : LAP-TZ-0X60753_ConsumersForDULDXXXX_4756
----------------------------------------------------------
  ConnectionId : 49

  ConsumerID : 37

  SessionId : 44

  DestinationName : Consumers.For.DULDXXXX.q1

  ThreadName : LAP-TZ-0X60753_ConsumersForDULDXXXX_4756
----------------------------------------------------------
  ConnectionId : 49

  ConsumerID : 38

  SessionId : 45

  DestinationName : Consumers.For.DULDXXXX.q1

  ThreadName : LAP-TZ-0X60753_ConsumersForDULDXXXX_4756
----------------------------------------------------------
  ConnectionId : 49

  ConsumerID : 39

  SessionId : 46

  DestinationName : Consumers.For.DULDXXXX.q1

  ThreadName : LAP-TZ-0X60753_ConsumersForDULDXXXX_4756

*********************************************************************************************************************************

=================== Message Received by the Thread "EMS Session Dispatcher (44)":
   TextMessage={ Header={ MessageID={ID:EMS-SERVER.2AE058D3D1CE36:4} Destination={Queue[Consumers.For.DULDXXXX.q1]} ReplyTo={} DeliveryMode={Persistent} Redelivered={False} CorrelationID={} MsgType={} Timestamp={3/23/2017 6:38:06 PM} Expiration={0} Priority={4} } Properties={ } Text={
 
  FF  text msg sent  from Machine : lap-tz-0x60753
  BW-Project : BWTestStubsforEMSFramework
  BW-Jobid : 269000
  BW-ThreadName :  JobCourier7 
  BW-Processname : Producers/SendMessage.process
 
} }

=================== No reply sought for above  message as ReplyQueue is NUll . Threadname is "EMS Session Dispatcher (44)"

 MethodCallingSequence /*Most Recent at the top*/ :

		 (1) Void ProcessEMSMessage(TIBCO.EMS.Message)
		 (2) Void OnMessage(TIBCO.EMS.Message)
		 (3) Void _Submit(System.Object, TIBCO.EMS.Message, System.Object)
		 (4) Boolean _DispatchAsyncMessage(Dispatcher, Boolean)
		 (5) Void Run()
		 (6) Void ThreadStart_Context(System.Object)
		 (7) Void RunInternal(System.Threading.ExecutionContext, System.Threading.ContextCallback, System.Object, Boolean)
		 (8) Void Run(System.Threading.ExecutionContext, System.Threading.ContextCallback, System.Object, Boolean)
		 (9) Void Run(System.Threading.ExecutionContext, System.Threading.ContextCallback, System.Object)
		 (10) Void ThreadStart()

*********************************************************************************************************************************

*********************************************************************************************************************************

=================== Message Received by the Thread "EMS Session Dispatcher (45)":
   TextMessage={ Header={ MessageID={ID:EMS-SERVER.2AE058D3D1CE38:5} Destination={Queue[Consumers.For.DULDXXXX.q1]} ReplyTo={} DeliveryMode={Persistent} Redelivered={False} CorrelationID={} MsgType={} Timestamp={3/23/2017 6:38:12 PM} Expiration={0} Priority={4} } Properties={ } Text={
 
  FF  text msg sent  from Machine : lap-tz-0x60753
  BW-Project : BWTestStubsforEMSFramework
  BW-Jobid : 269001
  BW-ThreadName :  JobCourier6 
  BW-Processname : Producers/SendMessage.process
 
} }

=================== No reply sought for above  message as ReplyQueue is NUll . Threadname is "EMS Session Dispatcher (45)"

 MethodCallingSequence /*Most Recent at the top*/ :

		 (1) Void ProcessEMSMessage(TIBCO.EMS.Message)
		 (2) Void HandleMessage(System.Object, TIBCO.EMS.EMSMessageEventArgs)
		 (3) Void OnMessage(TIBCO.EMS.Message)
		 (4) Void _Submit(System.Object, TIBCO.EMS.Message, System.Object)
		 (5) Boolean _DispatchAsyncMessage(Dispatcher, Boolean)
		 (6) Void Run()
		 (7) Void ThreadStart_Context(System.Object)
		 (8) Void RunInternal(System.Threading.ExecutionContext, System.Threading.ContextCallback, System.Object, Boolean)
		 (9) Void Run(System.Threading.ExecutionContext, System.Threading.ContextCallback, System.Object, Boolean)
		 (10) Void Run(System.Threading.ExecutionContext, System.Threading.ContextCallback, System.Object)
		 (11) Void ThreadStart()

*********************************************************************************************************************************

*********************************************************************************************************************************

=================== Message Received by the Thread "EMS Session Dispatcher (46)":
   TextMessage={ Header={ MessageID={ID:EMS-SERVER.2AE058D3D1CE3A:6} Destination={Queue[Consumers.For.DULDXXXX.q1]} ReplyTo={Queue[$TMP$.EMS-SERVER.2AE058D3D1CE3B.4]} DeliveryMode={Persistent} Redelivered={False} CorrelationID={} MsgType={} Timestamp={3/23/2017 6:38:28 PM} Expiration={0} Priority={4} } Properties={ } Text={
 
  RR  text msg sent  from Machine : lap-tz-0x60753
  BW-Project : BWTestStubsforEMSFramework
  BW-Jobid : 269002
  BW-ThreadName :  JobCourier5 
  BW-Processname : Producers/SendRequest.process
 
} }

=================== This Reply has been sent:   

Replying with .NET runtime specific info :


 MachineName: LAP-TZ-0X60753
 ReplyingProcessName: ConsumersForDULDXXXX
 ReplyingProcessId: 4756
 ThreadName:"EMS Session Dispatcher (46)"
 ClientId: BE-ING-IFS-LAMS
 New Producer SessionId used for reply: 60
 MethodCallingSequence /*Most Recent at the top*/:

		 (1) Void ProcessEMSMessage(TIBCO.EMS.Message)
		 (2) Void HandleMessage(System.Object, TIBCO.EMS.EMSMessageEventArgs)
		 (3) Void OnMessage(TIBCO.EMS.Message)
		 (4) Void _Submit(System.Object, TIBCO.EMS.Message, System.Object)
		 (5) Boolean _DispatchAsyncMessage(Dispatcher, Boolean)
		 (6) Void Run()
		 (7) Void ThreadStart_Context(System.Object)
		 (8) Void RunInternal(System.Threading.ExecutionContext, System.Threading.ContextCallback, System.Object, Boolean)
		 (9) Void Run(System.Threading.ExecutionContext, System.Threading.ContextCallback, System.Object, Boolean)
		 (10) Void Run(System.Threading.ExecutionContext, System.Threading.ContextCallback, System.Object)
		 (11) Void ThreadStart() 

 
*********************************************************************************************************************************

*********************************************************************************************************************************

=================== Message Received by the Thread "EMS Session Dispatcher (42)":
   TextMessage={ Header={ MessageID={ID:EMS-SERVER.2AE058D3D1CE3D:7} Destination={Queue[Consumers.For.DULDXXXX.q1]} ReplyTo={Queue[$TMP$.EMS-SERVER.2AE058D3D1CE3E.5]} DeliveryMode={Persistent} Redelivered={False} CorrelationID={} MsgType={} Timestamp={3/23/2017 6:38:44 PM} Expiration={0} Priority={4} } Properties={ } Text={
 
  RR  text msg sent  from Machine : lap-tz-0x60753
  BW-Project : BWTestStubsforEMSFramework
  BW-Jobid : 269003
  BW-ThreadName :  JobCourier3 
  BW-Processname : Producers/SendRequest.process
 
} }

=================== This Reply has been sent:   

Replying with .NET runtime specific info :


 MachineName: LAP-TZ-0X60753
 ReplyingProcessName: ConsumersForDULDXXXX
 ReplyingProcessId: 4756
 ThreadName:"EMS Session Dispatcher (42)"
 ClientId: BE-ING-IFS-LAMS
 New Producer SessionId used for reply: 63
 MethodCallingSequence /*Most Recent at the top*/:

		 (1) Void ProcessEMSMessage(TIBCO.EMS.Message)
		 (2) Void OnMessage(TIBCO.EMS.Message)
		 (3) Void _Submit(System.Object, TIBCO.EMS.Message, System.Object)
		 (4) Boolean _DispatchAsyncMessage(Dispatcher, Boolean)
		 (5) Void Run()
		 (6) Void ThreadStart_Context(System.Object)
		 (7) Void RunInternal(System.Threading.ExecutionContext, System.Threading.ContextCallback, System.Object, Boolean)
		 (8) Void Run(System.Threading.ExecutionContext, System.Threading.ContextCallback, System.Object, Boolean)
		 (9) Void Run(System.Threading.ExecutionContext, System.Threading.ContextCallback, System.Object)
		 (10) Void ThreadStart() 

 
*********************************************************************************************************************************

*********************************************************************************************************************************

=================== Message Received by the Thread "EMS Session Dispatcher (43)":
   TextMessage={ Header={ MessageID={ID:EMS-SERVER.2AE058D3D1CE40:8} Destination={Queue[Consumers.For.DULDXXXX.q1]} ReplyTo={Queue[$TMP$.EMS-SERVER.2AE058D3D1CE41.6]} DeliveryMode={Persistent} Redelivered={False} CorrelationID={} MsgType={} Timestamp={3/23/2017 6:38:58 PM} Expiration={0} Priority={4} } Properties={ } Text={
 
  RR  text msg sent  from Machine : lap-tz-0x60753
  BW-Project : BWTestStubsforEMSFramework
  BW-Jobid : 269004
  BW-ThreadName :  JobCourier1 
  BW-Processname : Producers/SendRequest.process
 
} }

=================== This Reply has been sent:   

Replying with .NET runtime specific info :


 MachineName: LAP-TZ-0X60753
 ReplyingProcessName: ConsumersForDULDXXXX
 ReplyingProcessId: 4756
 ThreadName:"EMS Session Dispatcher (43)"
 ClientId: BE-ING-IFS-LAMS
 New Producer SessionId used for reply: 66
 MethodCallingSequence /*Most Recent at the top*/:

		 (1) Void ProcessEMSMessage(TIBCO.EMS.Message)
		 (2) Void OnMessage(TIBCO.EMS.Message)
		 (3) Void _Submit(System.Object, TIBCO.EMS.Message, System.Object)
		 (4) Boolean _DispatchAsyncMessage(Dispatcher, Boolean)
		 (5) Void Run()
		 (6) Void ThreadStart_Context(System.Object)
		 (7) Void RunInternal(System.Threading.ExecutionContext, System.Threading.ContextCallback, System.Object, Boolean)
		 (8) Void Run(System.Threading.ExecutionContext, System.Threading.ContextCallback, System.Object, Boolean)
		 (9) Void Run(System.Threading.ExecutionContext, System.Threading.ContextCallback, System.Object)
		 (10) Void ThreadStart() 

 
*********************************************************************************************************************************

*********************************************************************************************************************************

=================== Message Received by the Thread "EMS Session Dispatcher (44)":
   TextMessage={ Header={ MessageID={ID:EMS-SERVER.2AE058D3D1CE36:9} Destination={Queue[Consumers.For.DULDXXXX.q1]} ReplyTo={} DeliveryMode={Persistent} Redelivered={False} CorrelationID={} MsgType={} Timestamp={3/23/2017 6:39:03 PM} Expiration={0} Priority={4} } Properties={ } Text={
 
  FF  text msg sent  from Machine : lap-tz-0x60753
  BW-Project : BWTestStubsforEMSFramework
  BW-Jobid : 269005
  BW-ThreadName :  JobCourier7 
  BW-Processname : Producers/SendMessage.process
 
} }

=================== No reply sought for above  message as ReplyQueue is NUll . Threadname is "EMS Session Dispatcher (44)"

 MethodCallingSequence /*Most Recent at the top*/ :

		 (1) Void ProcessEMSMessage(TIBCO.EMS.Message)
		 (2) Void OnMessage(TIBCO.EMS.Message)
		 (3) Void _Submit(System.Object, TIBCO.EMS.Message, System.Object)
		 (4) Boolean _DispatchAsyncMessage(Dispatcher, Boolean)
		 (5) Void Run()
		 (6) Void ThreadStart_Context(System.Object)
		 (7) Void RunInternal(System.Threading.ExecutionContext, System.Threading.ContextCallback, System.Object, Boolean)
		 (8) Void Run(System.Threading.ExecutionContext, System.Threading.ContextCallback, System.Object, Boolean)
		 (9) Void Run(System.Threading.ExecutionContext, System.Threading.ContextCallback, System.Object)
		 (10) Void ThreadStart()

*********************************************************************************************************************************

*********************************************************************************************************************************

=================== Message Received by the Thread "EMS Session Dispatcher (45)":
   TextMessage={ Header={ MessageID={ID:EMS-SERVER.2AE058D3D1CE47:12} Destination={Queue[Consumers.For.DULDXXXX.q1]} ReplyTo={Queue[$TMP$.EMS-SERVER.2AE058D3D1CE48.9]} DeliveryMode={Persistent} Redelivered={False} CorrelationID={} MsgType={} Timestamp={3/23/2017 6:42:07 PM} Expiration={0} Priority={4} } Properties={ } Text={
 
  RR  text msg sent  from Machine : lap-tz-0x60753
  BW-Project : BWTestStubsforEMSFramework
  BW-Jobid : 270000
  BW-ThreadName :  JobCourier7 
  BW-Processname : Producers/SendRequest.process
 
} }

=================== This Reply has been sent:   

Replying with .NET runtime specific info :


 MachineName: LAP-TZ-0X60753
 ReplyingProcessName: ConsumersForDULDXXXX
 ReplyingProcessId: 4756
 ThreadName:"EMS Session Dispatcher (45)"
 ClientId: BE-ING-IFS-LAMS
 New Producer SessionId used for reply: 73
 MethodCallingSequence /*Most Recent at the top*/:

		 (1) Void ProcessEMSMessage(TIBCO.EMS.Message)
		 (2) Void HandleMessage(System.Object, TIBCO.EMS.EMSMessageEventArgs)
		 (3) Void OnMessage(TIBCO.EMS.Message)
		 (4) Void _Submit(System.Object, TIBCO.EMS.Message, System.Object)
		 (5) Boolean _DispatchAsyncMessage(Dispatcher, Boolean)
		 (6) Void Run()
		 (7) Void ThreadStart_Context(System.Object)
		 (8) Void RunInternal(System.Threading.ExecutionContext, System.Threading.ContextCallback, System.Object, Boolean)
		 (9) Void Run(System.Threading.ExecutionContext, System.Threading.ContextCallback, System.Object, Boolean)
		 (10) Void Run(System.Threading.ExecutionContext, System.Threading.ContextCallback, System.Object)
		 (11) Void ThreadStart() 

 
*********************************************************************************************************************************

*********************************************************************************************************************************

=================== Message Received by the Thread "EMS Session Dispatcher (46)":
   TextMessage={ Header={ MessageID={ID:EMS-SERVER.2AE058D3D1CE4A:13} Destination={Queue[Consumers.For.DULDXXXX.q1]} ReplyTo={Queue[$TMP$.EMS-SERVER.2AE058D3D1CE4B.10]} DeliveryMode={Persistent} Redelivered={False} CorrelationID={} MsgType={} Timestamp={3/23/2017 6:43:23 PM} Expiration={0} Priority={4} } Properties={ } Text={
 
  RR  text msg sent  from Machine : lap-tz-0x60753
  BW-Project : BWTestStubsforEMSFramework
  BW-Jobid : 270001
  BW-ThreadName :  JobCourier5 
  BW-Processname : Producers/SendRequest.process
 
} }

=================== This Reply has been sent:   

Replying with .NET runtime specific info :


 MachineName: LAP-TZ-0X60753
 ReplyingProcessName: ConsumersForDULDXXXX
 ReplyingProcessId: 4756
 ThreadName:"EMS Session Dispatcher (46)"
 ClientId: BE-ING-IFS-LAMS
 New Producer SessionId used for reply: 76
 MethodCallingSequence /*Most Recent at the top*/:

		 (1) Void ProcessEMSMessage(TIBCO.EMS.Message)
		 (2) Void HandleMessage(System.Object, TIBCO.EMS.EMSMessageEventArgs)
		 (3) Void OnMessage(TIBCO.EMS.Message)
		 (4) Void _Submit(System.Object, TIBCO.EMS.Message, System.Object)
		 (5) Boolean _DispatchAsyncMessage(Dispatcher, Boolean)
		 (6) Void Run()
		 (7) Void ThreadStart_Context(System.Object)
		 (8) Void RunInternal(System.Threading.ExecutionContext, System.Threading.ContextCallback, System.Object, Boolean)
		 (9) Void Run(System.Threading.ExecutionContext, System.Threading.ContextCallback, System.Object, Boolean)
		 (10) Void Run(System.Threading.ExecutionContext, System.Threading.ContextCallback, System.Object)
		 (11) Void ThreadStart() 

 
*********************************************************************************************************************************

*********************************************************************************************************************************

=================== Message Received by the Thread "EMS Session Dispatcher (42)":
   TextMessage={ Header={ MessageID={ID:EMS-SERVER.2AE058D3D1CE50:16} Destination={Queue[Consumers.For.DULDXXXX.q1]} ReplyTo={} DeliveryMode={Persistent} Redelivered={False} CorrelationID={} MsgType={} Timestamp={3/23/2017 6:43:50 PM} Expiration={0} Priority={4} } Properties={ } Text={
 
  FF  text msg sent  from Machine : lap-tz-0x60753
  BW-Project : BWTestStubsforEMSFramework
  BW-Jobid : 271000
  BW-ThreadName :  JobCourier7 
  BW-Processname : Producers/SendMessage.process
 
} }

=================== No reply sought for above  message as ReplyQueue is NUll . Threadname is "EMS Session Dispatcher (42)"

 MethodCallingSequence /*Most Recent at the top*/ :

		 (1) Void ProcessEMSMessage(TIBCO.EMS.Message)
		 (2) Void OnMessage(TIBCO.EMS.Message)
		 (3) Void _Submit(System.Object, TIBCO.EMS.Message, System.Object)
		 (4) Boolean _DispatchAsyncMessage(Dispatcher, Boolean)
		 (5) Void Run()
		 (6) Void ThreadStart_Context(System.Object)
		 (7) Void RunInternal(System.Threading.ExecutionContext, System.Threading.ContextCallback, System.Object, Boolean)
		 (8) Void Run(System.Threading.ExecutionContext, System.Threading.ContextCallback, System.Object, Boolean)
		 (9) Void Run(System.Threading.ExecutionContext, System.Threading.ContextCallback, System.Object)
		 (10) Void ThreadStart()

*********************************************************************************************************************************
