


----------------------------------------------------------
  ConnectionId : 14

  ConsumerID : 17

  SessionId : 28

  DestinationName : Consumers.For.DULDXXXX.q1

  ThreadName : LAP-TZ-0X60753_ConsumersForDULDXXXX_5800
----------------------------------------------------------
  ConnectionId : 14

  ConsumerID : 18

  SessionId : 29

  DestinationName : Consumers.For.DULDXXXX.q1

  ThreadName : LAP-TZ-0X60753_ConsumersForDULDXXXX_5800
----------------------------------------------------------
  ConnectionId : 14

  ConsumerID : 19

  SessionId : 30

  DestinationName : Consumers.For.DULDXXXX.q1

  ThreadName : LAP-TZ-0X60753_ConsumersForDULDXXXX_5800
----------------------------------------------------------
  ConnectionId : 14

  ConsumerID : 20

  SessionId : 31

  DestinationName : Consumers.For.DULDXXXX.q1

  ThreadName : LAP-TZ-0X60753_ConsumersForDULDXXXX_5800
----------------------------------------------------------
  ConnectionId : 14

  ConsumerID : 21

  SessionId : 32

  DestinationName : Consumers.For.DULDXXXX.q1

  ThreadName : LAP-TZ-0X60753_ConsumersForDULDXXXX_5800

*********************************************************************************************************************************

=================== Message Received by the Thread "EMS Session Dispatcher (30)":
   TextMessage={ Header={ MessageID={ID:E4EMS-SERVER.193457EB686127:13} Destination={Queue[Consumers.For.DULDXXXX.q1]} ReplyTo={} DeliveryMode={Persistent} Redelivered={False} CorrelationID={} MsgType={} Timestamp={9/28/2016 7:17:17 AM} Expiration={0} Priority={4} } Properties={ } Text={
 
  FF  text msg sent  from Machine : lap-tz-0x60753
  BW-Project : BWTestStubsforEMSFramework
  BW-Jobid : 197000
  BW-ThreadName :  JobCourier6 
  BW-Processname : Producers/SendMessage.process
 
} }

=================== No reply sought for above  message as ReplyQueue is NUll . Threadname is "EMS Session Dispatcher (30)"

 MethodCallingSequence /*Most Recent at the top*/ :

	 (1) Void ProcessEMSMessage(TIBCO.EMS.Message)
	 (2) Void OnMessage(TIBCO.EMS.Message)
	 (3) Void _Submit(System.Object, TIBCO.EMS.Message, System.Object)
	 (4) Boolean _DispatchAsyncMessage(Dispatcher, Boolean)
	 (5) Void Run()
	 (6) Void ThreadStart_Context(System.Object)
	 (7) Void RunInternal(System.Threading.ExecutionContext, System.Threading.ContextCallback, System.Object, Boolean)
	 (8) Void Run(System.Threading.ExecutionContext, System.Threading.ContextCallback, System.Object, Boolean)
	 (9) Void Run(System.Threading.ExecutionContext, System.Threading.ContextCallback, System.Object)
	 (10) Void ThreadStart()

*********************************************************************************************************************************

*********************************************************************************************************************************

=================== Message Received by the Thread "EMS Session Dispatcher (31)":
   TextMessage={ Header={ MessageID={ID:E4EMS-SERVER.193457EB686127:14} Destination={Queue[Consumers.For.DULDXXXX.q1]} ReplyTo={} DeliveryMode={Persistent} Redelivered={False} CorrelationID={} MsgType={} Timestamp={9/28/2016 7:17:17 AM} Expiration={0} Priority={4} } Properties={ } Text={
 
  FF  text msg sent  from Machine : lap-tz-0x60753
  BW-Project : BWTestStubsforEMSFramework
  BW-Jobid : 197000
  BW-ThreadName :  JobCourier6 
  BW-Processname : Producers/SendMessage.process
 
} }

=================== No reply sought for above  message as ReplyQueue is NUll . Threadname is "EMS Session Dispatcher (31)"

 MethodCallingSequence /*Most Recent at the top*/ :

	 (1) Void ProcessEMSMessage(TIBCO.EMS.Message)
	 (2) Void OnMessage(TIBCO.EMS.Message)
	 (3) Void _Submit(System.Object, TIBCO.EMS.Message, System.Object)
	 (4) Boolean _DispatchAsyncMessage(Dispatcher, Boolean)
	 (5) Void Run()
	 (6) Void ThreadStart_Context(System.Object)
	 (7) Void RunInternal(System.Threading.ExecutionContext, System.Threading.ContextCallback, System.Object, Boolean)
	 (8) Void Run(System.Threading.ExecutionContext, System.Threading.ContextCallback, System.Object, Boolean)
	 (9) Void Run(System.Threading.ExecutionContext, System.Threading.ContextCallback, System.Object)
	 (10) Void ThreadStart()

*********************************************************************************************************************************

*********************************************************************************************************************************

=================== Message Received by the Thread "EMS Session Dispatcher (32)":
   TextMessage={ Header={ MessageID={ID:E4EMS-SERVER.193457EB686127:15} Destination={Queue[Consumers.For.DULDXXXX.q1]} ReplyTo={} DeliveryMode={Persistent} Redelivered={False} CorrelationID={} MsgType={} Timestamp={9/28/2016 7:17:17 AM} Expiration={0} Priority={4} } Properties={ } Text={
 
  FF  text msg sent  from Machine : lap-tz-0x60753
  BW-Project : BWTestStubsforEMSFramework
  BW-Jobid : 197000
  BW-ThreadName :  JobCourier6 
  BW-Processname : Producers/SendMessage.process
 
} }

=================== No reply sought for above  message as ReplyQueue is NUll . Threadname is "EMS Session Dispatcher (32)"

 MethodCallingSequence /*Most Recent at the top*/ :

	 (1) Void ProcessEMSMessage(TIBCO.EMS.Message)
	 (2) Void OnMessage(TIBCO.EMS.Message)
	 (3) Void _Submit(System.Object, TIBCO.EMS.Message, System.Object)
	 (4) Boolean _DispatchAsyncMessage(Dispatcher, Boolean)
	 (5) Void Run()
	 (6) Void ThreadStart_Context(System.Object)
	 (7) Void RunInternal(System.Threading.ExecutionContext, System.Threading.ContextCallback, System.Object, Boolean)
	 (8) Void Run(System.Threading.ExecutionContext, System.Threading.ContextCallback, System.Object, Boolean)
	 (9) Void Run(System.Threading.ExecutionContext, System.Threading.ContextCallback, System.Object)
	 (10) Void ThreadStart()

*********************************************************************************************************************************

*********************************************************************************************************************************

=================== Message Received by the Thread "EMS Session Dispatcher (28)":
   TextMessage={ Header={ MessageID={ID:E4EMS-SERVER.193457EB686127:16} Destination={Queue[Consumers.For.DULDXXXX.q1]} ReplyTo={} DeliveryMode={Persistent} Redelivered={False} CorrelationID={} MsgType={} Timestamp={9/28/2016 7:17:17 AM} Expiration={0} Priority={4} } Properties={ } Text={
 
  FF  text msg sent  from Machine : lap-tz-0x60753
  BW-Project : BWTestStubsforEMSFramework
  BW-Jobid : 197000
  BW-ThreadName :  JobCourier6 
  BW-Processname : Producers/SendMessage.process
 
} }

=================== No reply sought for above  message as ReplyQueue is NUll . Threadname is "EMS Session Dispatcher (28)"

 MethodCallingSequence /*Most Recent at the top*/ :

	 (1) Void ProcessEMSMessage(TIBCO.EMS.Message)
	 (2) Void OnMessage(TIBCO.EMS.Message)
	 (3) Void _Submit(System.Object, TIBCO.EMS.Message, System.Object)
	 (4) Boolean _DispatchAsyncMessage(Dispatcher, Boolean)
	 (5) Void Run()
	 (6) Void ThreadStart_Context(System.Object)
	 (7) Void RunInternal(System.Threading.ExecutionContext, System.Threading.ContextCallback, System.Object, Boolean)
	 (8) Void Run(System.Threading.ExecutionContext, System.Threading.ContextCallback, System.Object, Boolean)
	 (9) Void Run(System.Threading.ExecutionContext, System.Threading.ContextCallback, System.Object)
	 (10) Void ThreadStart()

*********************************************************************************************************************************

*********************************************************************************************************************************

=================== Message Received by the Thread "EMS Session Dispatcher (29)":
   TextMessage={ Header={ MessageID={ID:E4EMS-SERVER.193457EB686127:17} Destination={Queue[Consumers.For.DULDXXXX.q1]} ReplyTo={} DeliveryMode={Persistent} Redelivered={False} CorrelationID={} MsgType={} Timestamp={9/28/2016 7:17:17 AM} Expiration={0} Priority={4} } Properties={ } Text={
 
  FF  text msg sent  from Machine : lap-tz-0x60753
  BW-Project : BWTestStubsforEMSFramework
  BW-Jobid : 197000
  BW-ThreadName :  JobCourier6 
  BW-Processname : Producers/SendMessage.process
 
} }

=================== No reply sought for above  message as ReplyQueue is NUll . Threadname is "EMS Session Dispatcher (29)"

 MethodCallingSequence /*Most Recent at the top*/ :

	 (1) Void ProcessEMSMessage(TIBCO.EMS.Message)
	 (2) Void OnMessage(TIBCO.EMS.Message)
	 (3) Void _Submit(System.Object, TIBCO.EMS.Message, System.Object)
	 (4) Boolean _DispatchAsyncMessage(Dispatcher, Boolean)
	 (5) Void Run()
	 (6) Void ThreadStart_Context(System.Object)
	 (7) Void RunInternal(System.Threading.ExecutionContext, System.Threading.ContextCallback, System.Object, Boolean)
	 (8) Void Run(System.Threading.ExecutionContext, System.Threading.ContextCallback, System.Object, Boolean)
	 (9) Void Run(System.Threading.ExecutionContext, System.Threading.ContextCallback, System.Object)
	 (10) Void ThreadStart()

*********************************************************************************************************************************
