
*********************************************************************************************************************************

=================== Message Received by the Thread "EMS Session Dispatcher (3)":
   TextMessage={ Header={ MessageID={ID:E4EMS-SERVER.F1C57EA285C1BA:143} Destination={Queue[Consumers.For.DULDXXXX.q1]} ReplyTo={Queue[$TMP$.E4EMS-SERVER.F1C57EA285C1BB.93]} DeliveryMode={Persistent} Redelivered={True} CorrelationID={} MsgType={} Timestamp={9/27/2016 12:31:14 PM} Expiration={0} Priority={4} } Properties={ SoapAction={String:"/ASyncConsumers/ServiceProvider-Soap-ASync"} Content_Type={String:text/xml; charset="utf-8"} Mime_Version={String:1.0} JMSXDeliveryCount={Int32:2} } Text={<?xml version="1.0" encoding="UTF-8"?><SOAP-ENV:Envelope xmlns:SOAP-ENV="http://schemas.xmlsoap.org/soap/envelope/"><SOAP-ENV:Body><ns0:RuntimeInfo xmlns:ns0="http://www.tibco.com/schemas/BWTestStubsforEMSFramework/Miscellaneous/Schema.xsd" ns0:Type="BW"><ns0:MachineName>lap-tz-0x60753</ns0:MachineName><ns0:ProcessName>Producers/SendMessage_SOAP(EMS).process</ns0:ProcessName><ns0:ProjectName>BWTestStubsforEMSFramework</ns0:ProjectName><ns0:ProcessID>6184@lap-tz-0x60753</ns0:ProcessID><ns0:JobID>186000</ns0:JobID><ns0:ThreadName>JobCourier7</ns0:ThreadName></ns0:RuntimeInfo></SOAP-ENV:Body></SOAP-ENV:Envelope>} }


(******** Exception :
   at Messaging.EMS.Producers.Messageproducer.SendReplyMessage(Message msg, Queue ReplyQueue, Session& session) in c:\Users\nandan.kaushik\Documents\Visual Studio 2013\Projects\EMSConsumerLibrary\EMSConsumerLibrary\Messageproducer.cs:line 41
   at Messaging.EMS.Test.CommonUtils.ProcessEMSMessage(Message msg) in c:\Users\nandan.kaushik\Documents\Visual Studio 2013\Projects\EMSConsumerLibrary\EMSConsumerLibrary\CommonUtils.cs:line 55


----------------------------------------------------------
  ConnectionId : 3

  ConsumerID : 2

  SessionId : 3

  DestinationName : Consumers.For.DULDXXXX.q1

  ThreadName : LAP-TZ-0X60753_ConsumersForDULDXXXX_5612
----------------------------------------------------------
  ConnectionId : 3

  ConsumerID : 3

  SessionId : 4

  DestinationName : Consumers.For.DULDXXXX.q1

  ThreadName : LAP-TZ-0X60753_ConsumersForDULDXXXX_5612
----------------------------------------------------------
  ConnectionId : 3

  ConsumerID : 4

  SessionId : 5

  DestinationName : Consumers.For.DULDXXXX.q1

  ThreadName : LAP-TZ-0X60753_ConsumersForDULDXXXX_5612
----------------------------------------------------------
  ConnectionId : 3

  ConsumerID : 5

  SessionId : 6

  DestinationName : Consumers.For.DULDXXXX.q1

  ThreadName : LAP-TZ-0X60753_ConsumersForDULDXXXX_5612
----------------------------------------------------------
  ConnectionId : 3

  ConsumerID : 6

  SessionId : 7

  DestinationName : Consumers.For.DULDXXXX.q1

  ThreadName : LAP-TZ-0X60753_ConsumersForDULDXXXX_5612

*********************************************************************************************************************************

=================== Message Received by the Thread "EMS Session Dispatcher (3)":
   TextMessage={ Header={ MessageID={ID:E4EMS-SERVER.193457EB686117:8} Destination={Queue[Consumers.For.DULDXXXX.q1]} ReplyTo={} DeliveryMode={Persistent} Redelivered={False} CorrelationID={} MsgType={} Timestamp={9/28/2016 7:05:50 AM} Expiration={0} Priority={4} } Properties={ } Text={
 
  FF  text msg sent  from Machine : lap-tz-0x60753
  BW-Project : BWTestStubsforEMSFramework
  BW-Jobid : 196000
  BW-ThreadName :  JobCourier4 
  BW-Processname : Producers/SendMessage.process
 
} }

=================== No reply sought for above  message as ReplyQueue is NUll . Threadname is "EMS Session Dispatcher (3)"

 MethodCallingSequence /*Most Recent at the top*/ :

	 (1) Void ProcessEMSMessage(TIBCO.EMS.Message)
	 (2) Void OnMessage(TIBCO.EMS.Message)
	 (3) Void _Submit(System.Object, TIBCO.EMS.Message, System.Object)
	 (4) Boolean _DispatchAsyncMessage(Dispatcher, Boolean)
	 (5) Void Run()
	 (6) Void ThreadStart_Context(System.Object)
	 (7) Void RunInternal(System.Threading.ExecutionContext, System.Threading.ContextCallback, System.Object, Boolean)
	 (8) Void Run(System.Threading.ExecutionContext, System.Threading.ContextCallback, System.Object, Boolean)
	 (9) Void Run(System.Threading.ExecutionContext, System.Threading.ContextCallback, System.Object)
	 (10) Void ThreadStart()

*********************************************************************************************************************************

*********************************************************************************************************************************

=================== Message Received by the Thread "EMS Session Dispatcher (4)":
   TextMessage={ Header={ MessageID={ID:E4EMS-SERVER.193457EB686119:9} Destination={Queue[Consumers.For.DULDXXXX.q1]} ReplyTo={Queue[$TMP$.E4EMS-SERVER.193457EB68611A.8]} DeliveryMode={Persistent} Redelivered={False} CorrelationID={} MsgType={} Timestamp={9/28/2016 7:11:52 AM} Expiration={0} Priority={4} } Properties={ } Text={
 
  RR  text msg sent  from Machine : lap-tz-0x60753
  BW-Project : BWTestStubsforEMSFramework
  BW-Jobid : 196001
  BW-ThreadName :  JobCourier0 
  BW-Processname : Producers/SendRequest.process
 
} }

=================== This Reply has been sent:   

Replying with .NET runtime specific info :


 MachineName: LAP-TZ-0X60753
 ReplyingProcessName: ConsumersForDULDXXXX
 ReplyingProcessId: 5612
 ThreadName:"EMS Session Dispatcher (4)"
 ClientId: BE-ING-IFS-LAMS
 New Producer SessionId used for reply: 27
 MethodCallingSequence /*Most Recent at the top*/:

	 (1) Void ProcessEMSMessage(TIBCO.EMS.Message)
	 (2) Void OnMessage(TIBCO.EMS.Message)
	 (3) Void _Submit(System.Object, TIBCO.EMS.Message, System.Object)
	 (4) Boolean _DispatchAsyncMessage(Dispatcher, Boolean)
	 (5) Void Run()
	 (6) Void ThreadStart_Context(System.Object)
	 (7) Void RunInternal(System.Threading.ExecutionContext, System.Threading.ContextCallback, System.Object, Boolean)
	 (8) Void Run(System.Threading.ExecutionContext, System.Threading.ContextCallback, System.Object, Boolean)
	 (9) Void Run(System.Threading.ExecutionContext, System.Threading.ContextCallback, System.Object)
	 (10) Void ThreadStart() 

 
*********************************************************************************************************************************
